<?xml version="1.0" encoding="UTF-8"?>
<!-- Generated by org.testng.reporters.JUnitReportReporter -->
<testsuite skipped="0" hostname="DESKTOP-ANLVD96" name="com.crm.qa.testcases.CarPageTest" tests="5" failures="0" timestamp="15 Oct 2019 18:00:07 GMT" time="142.782" errors="0">
  <testcase name="verifySearchPageUrlTest" time="23.957" classname="com.crm.qa.testcases.CarPageTest"/>
  <testcase name="verifyResultCountPerPageTest" time="19.060" classname="com.crm.qa.testcases.CarPageTest"/>
  <testcase name="applyFilterTest" time="35.257" classname="com.crm.qa.testcases.CarPageTest"/>
  <testcase name="verifyTitleAndVariantTest" time="38.669" classname="com.crm.qa.testcases.CarPageTest"/>
  <testcase name="vehicalDistanceTest" time="25.839" classname="com.crm.qa.testcases.CarPageTest"/>
</testsuite> <!-- com.crm.qa.testcases.CarPageTest -->
