<?xml version="1.0" encoding="UTF-8"?>
<!-- Generated by org.testng.reporters.JUnitReportReporter -->
<testsuite skipped="0" hostname="DESKTOP-ANLVD96" name="com.crm.qa.testcases.HomePageTest" tests="3" failures="0" timestamp="11 Oct 2019 17:40:55 GMT" time="47.812" errors="0">
  <testcase name="verifyHomePageTitleTest" time="14.533" classname="com.crm.qa.testcases.HomePageTest"/>
  <testcase name="verifyUserNameTest" time="14.351" classname="com.crm.qa.testcases.HomePageTest"/>
  <testcase name="clickOnContactListTest" time="18.928" classname="com.crm.qa.testcases.HomePageTest"/>
</testsuite> <!-- com.crm.qa.testcases.HomePageTest -->
