<?xml version="1.0" encoding="UTF-8"?>
<!-- Generated by org.testng.reporters.JUnitReportReporter -->
<testsuite skipped="0" hostname="DESKTOP-ANLVD96" name="com.crm.qa.testcases.CarTest" tests="1" failures="0" timestamp="11 Oct 2019 22:42:04 GMT" time="35.178" errors="0">
  <testcase name="testOne" time="35.178" classname="com.crm.qa.testcases.CarTest"/>
</testsuite> <!-- com.crm.qa.testcases.CarTest -->
