<?xml version="1.0" encoding="UTF-8"?>
<!-- Generated by org.testng.reporters.JUnitReportReporter -->
<testsuite skipped="0" hostname="DESKTOP-ANLVD96" name="com.crm.qa.testcases.LoginTestSwati" tests="1" failures="0" timestamp="31 Dec 2018 20:56:32 GMT" time="23.881" errors="0">
  <testcase name="loginPageTitle" time="23.881" classname="com.crm.qa.testcases.LoginTestSwati"/>
</testsuite> <!-- com.crm.qa.testcases.LoginTestSwati -->
