<?xml version="1.0" encoding="UTF-8"?>
<!-- Generated by org.testng.reporters.JUnitReportReporter -->
<testsuite skipped="0" hostname="DESKTOP-ANLVD96" name="com.crm.qa.testcases.HomePageTest" tests="3" failures="0" timestamp="30 Dec 2018 22:17:09 GMT" time="40.414" errors="0">
  <testcase name="verifyHomePageTitleTest" time="11.857" classname="com.crm.qa.testcases.HomePageTest"/>
  <testcase name="verifyUserNameTest" time="14.511" classname="com.crm.qa.testcases.HomePageTest"/>
  <testcase name="clickOnContactListTest" time="14.046" classname="com.crm.qa.testcases.HomePageTest"/>
</testsuite> <!-- com.crm.qa.testcases.HomePageTest -->
