<?xml version="1.0" encoding="UTF-8"?>
<!-- Generated by org.testng.reporters.JUnitReportReporter -->
<testsuite skipped="0" hostname="DESKTOP-ANLVD96" name="com.crm.qa.testcases.HomePageTest" tests="3" failures="0" timestamp="31 Dec 2018 23:55:32 GMT" time="50.227" errors="0">
  <testcase name="verifyHomePageTitleTest" time="13.308" classname="com.crm.qa.testcases.HomePageTest"/>
  <testcase name="verifyUserNameTest" time="18.418" classname="com.crm.qa.testcases.HomePageTest"/>
  <testcase name="clickOnContactListTest" time="18.501" classname="com.crm.qa.testcases.HomePageTest"/>
</testsuite> <!-- com.crm.qa.testcases.HomePageTest -->
