<?xml version="1.0" encoding="UTF-8"?>
<!-- Generated by org.testng.reporters.JUnitReportReporter -->
<testsuite skipped="0" hostname="DESKTOP-ANLVD96" name="com.crm.qa.testcases.ContactsPageTest" tests="6" failures="0" timestamp="31 Dec 2018 23:55:32 GMT" time="117.902" errors="0">
  <testcase name="validateCreteNewContact" time="17.826" classname="com.crm.qa.testcases.ContactsPageTest"/>
  <testcase name="validateCreteNewContact" time="18.168" classname="com.crm.qa.testcases.ContactsPageTest"/>
  <testcase name="verifyContactsPageLabel" time="15.413" classname="com.crm.qa.testcases.ContactsPageTest"/>
  <testcase name="selectMultipleContactsList" time="29.876" classname="com.crm.qa.testcases.ContactsPageTest"/>
  <testcase name="validateCreteNewContact" time="22.414" classname="com.crm.qa.testcases.ContactsPageTest"/>
  <testcase name="selectContactsByName" time="14.205" classname="com.crm.qa.testcases.ContactsPageTest"/>
</testsuite> <!-- com.crm.qa.testcases.ContactsPageTest -->
